Using pre-set license
Built from '2022.3/staging' branch; Version is '2022.3.2f1 (d74737c6db50) revision 14108471'; Using compiler version '192829333'; Build Type 'Release'
OS: 'Windows 10  (10.0.19044) 64bit CoreSingleLanguage' Language: 'en' Physical Memory: 8043 MB
BatchMode: 1, IsHumanControllingUs: 0, StartBugReporterOnCrash: 0, Is64bit: 1, IsPro: 1

COMMAND LINE ARGUMENTS:
E:\VGKZNightmare\Unity\2022.3.2f1\Editor\Unity.exe
-adb2
-batchMode
-noUpm
-name
AssetImportWorker0
-projectPath
D:/Unity Project/Spacewar_test
-logFile
Logs/AssetImportWorker0.log
-srvPort
51840
Successfully changed project path to: D:/Unity Project/Spacewar_test
D:/Unity Project/Spacewar_test
[UnityMemory] Configuration Parameters - Can be set up in boot.config
    "memorysetup-bucket-allocator-granularity=16"
    "memorysetup-bucket-allocator-bucket-count=8"
    "memorysetup-bucket-allocator-block-size=33554432"
    "memorysetup-bucket-allocator-block-count=8"
    "memorysetup-main-allocator-block-size=16777216"
    "memorysetup-thread-allocator-block-size=16777216"
    "memorysetup-gfx-main-allocator-block-size=16777216"
    "memorysetup-gfx-thread-allocator-block-size=16777216"
    "memorysetup-cache-allocator-block-size=4194304"
    "memorysetup-typetree-allocator-block-size=2097152"
    "memorysetup-profiler-bucket-allocator-granularity=16"
    "memorysetup-profiler-bucket-allocator-bucket-count=8"
    "memorysetup-profiler-bucket-allocator-block-size=33554432"
    "memorysetup-profiler-bucket-allocator-block-count=8"
    "memorysetup-profiler-allocator-block-size=16777216"
    "memorysetup-profiler-editor-allocator-block-size=1048576"
    "memorysetup-temp-allocator-size-main=16777216"
    "memorysetup-job-temp-allocator-block-size=2097152"
    "memorysetup-job-temp-allocator-block-size-background=1048576"
    "memorysetup-job-temp-allocator-reduction-small-platforms=262144"
    "memorysetup-allocator-temp-initial-block-size-main=262144"
    "memorysetup-allocator-temp-initial-block-size-worker=262144"
    "memorysetup-temp-allocator-size-background-worker=32768"
    "memorysetup-temp-allocator-size-job-worker=262144"
    "memorysetup-temp-allocator-size-preload-manager=33554432"
    "memorysetup-temp-allocator-size-nav-mesh-worker=65536"
    "memorysetup-temp-allocator-size-audio-worker=65536"
    "memorysetup-temp-allocator-size-cloud-worker=32768"
    "memorysetup-temp-allocator-size-gi-baking-worker=262144"
    "memorysetup-temp-allocator-size-gfx=262144"
Player connection [4120] Host "[IP] 26.158.253.59 [Port] 0 [Flags] 2 [Guid] 4260539482 [EditorId] 4260539482 [Version] 1048832 [Id] WindowsEditor(7,DESKTOP-PB8AOLR) [Debug] 1 [PackageName] WindowsEditor [ProjectName] Editor" joined multi-casting on [225.0.0.222:54997]...

Player connection [4120] Host "[IP] 26.158.253.59 [Port] 0 [Flags] 2 [Guid] 4260539482 [EditorId] 4260539482 [Version] 1048832 [Id] WindowsEditor(7,DESKTOP-PB8AOLR) [Debug] 1 [PackageName] WindowsEditor [ProjectName] Editor" joined alternative multi-casting on [225.0.0.222:34997]...

Refreshing native plugins compatible for Editor in 5.20 ms, found 3 plugins.
Preloading 0 native plugins for Editor in 0.00 ms.
Initialize engine version: 2022.3.2f1 (d74737c6db50)
[Subsystems] Discovering subsystems at path E:/VGKZNightmare/Unity/2022.3.2f1/Editor/Data/Resources/UnitySubsystems
[Subsystems] Discovering subsystems at path D:/Unity Project/Spacewar_test/Assets
GfxDevice: creating device client; threaded=0; jobified=0
Direct3D:
    Version:  Direct3D 11.0 [level 11.1]
    Renderer: NVIDIA GeForce GTX 1050 (ID=0x1c8d)
    Vendor:   NVIDIA
    VRAM:     4018 MB
    Driver:   31.0.15.3623
Initialize mono
Mono path[0] = 'E:/VGKZNightmare/Unity/2022.3.2f1/Editor/Data/Managed'
Mono path[1] = 'E:/VGKZNightmare/Unity/2022.3.2f1/Editor/Data/MonoBleedingEdge/lib/mono/unityjit-win32'
Mono config path = 'E:/VGKZNightmare/Unity/2022.3.2f1/Editor/Data/MonoBleedingEdge/etc'
Using monoOptions --debugger-agent=transport=dt_socket,embedding=1,server=y,suspend=n,address=127.0.0.1:56116
Begin MonoManager ReloadAssembly
Registering precompiled unity dll's ...
Register platform support module: E:/VGKZNightmare/Unity/2022.3.2f1/Editor/Data/PlaybackEngines/WindowsStandaloneSupport/UnityEditor.WindowsStandalone.Extensions.dll
Registered in 0.005458 seconds.
- Loaded All Assemblies, in  0.505 seconds
Native extension for WindowsStandalone target not found
Mono: successfully reloaded assembly
- Finished resetting the current domain, in  0.362 seconds
Domain Reload Profiling: 867ms
	BeginReloadAssembly (130ms)
		ExecutionOrderSort (0ms)
		DisableScriptedObjects (0ms)
		BackupInstance (0ms)
		ReleaseScriptingObjects (0ms)
		CreateAndSetChildDomain (1ms)
	RebuildCommonClasses (52ms)
	RebuildNativeTypeToScriptingClass (15ms)
	initialDomainReloadingComplete (83ms)
	LoadAllAssembliesAndSetupDomain (225ms)
		LoadAssemblies (128ms)
		RebuildTransferFunctionScriptingTraits (0ms)
		AnalyzeDomain (220ms)
			TypeCache.Refresh (217ms)
				TypeCache.ScanAssembly (192ms)
			ScanForSourceGeneratedMonoScriptInfo (1ms)
			ResolveRequiredComponents (2ms)
	FinalizeReload (362ms)
		ReleaseScriptCaches (0ms)
		RebuildScriptCaches (0ms)
		SetupLoadedEditorAssemblies (274ms)
			LogAssemblyErrors (0ms)
			InitializePlatformSupportModulesInManaged (14ms)
			SetLoadedEditorAssemblies (14ms)
			RefreshPlugins (0ms)
			BeforeProcessingInitializeOnLoad (2ms)
			ProcessInitializeOnLoadAttributes (193ms)
			ProcessInitializeOnLoadMethodAttributes (50ms)
			AfterProcessingInitializeOnLoad (0ms)
			EditorAssembliesLoaded (0ms)
		ExecutionOrderSort2 (0ms)
		AwakeInstancesAfterBackupRestoration (0ms)
========================================================================
Worker process is ready to serve import requests
Begin MonoManager ReloadAssembly
Symbol file LoadedFromMemory doesn't match image D:\Unity Project\Spacewar_test\Library\PackageCache\com.unity.visualscripting@1.8.0\Editor\VisualScripting.Core\Dependencies\YamlDotNet\Unity.VisualScripting.YamlDotNet.dll
Symbol file LoadedFromMemory doesn't match image D:\Unity Project\Spacewar_test\Library\PackageCache\com.unity.visualscripting@1.8.0\Editor\VisualScripting.Core\Dependencies\DotNetZip\Unity.VisualScripting.IonicZip.dll
- Loaded All Assemblies, in  0.899 seconds
Refreshing native plugins compatible for Editor in 2.83 ms, found 3 plugins.
Native extension for WindowsStandalone target not found
Mono: successfully reloaded assembly
- Finished resetting the current domain, in  0.641 seconds
Domain Reload Profiling: 1541ms
	BeginReloadAssembly (182ms)
		ExecutionOrderSort (0ms)
		DisableScriptedObjects (7ms)
		BackupInstance (0ms)
		ReleaseScriptingObjects (0ms)
		CreateAndSetChildDomain (32ms)
	RebuildCommonClasses (43ms)
	RebuildNativeTypeToScriptingClass (13ms)
	initialDomainReloadingComplete (51ms)
	LoadAllAssembliesAndSetupDomain (610ms)
		LoadAssemblies (339ms)
		RebuildTransferFunctionScriptingTraits (0ms)
		AnalyzeDomain (366ms)
			TypeCache.Refresh (339ms)
				TypeCache.ScanAssembly (317ms)
			ScanForSourceGeneratedMonoScriptInfo (22ms)
			ResolveRequiredComponents (5ms)
	FinalizeReload (642ms)
		ReleaseScriptCaches (0ms)
		RebuildScriptCaches (0ms)
		SetupLoadedEditorAssemblies (430ms)
			LogAssemblyErrors (0ms)
			InitializePlatformSupportModulesInManaged (5ms)
			SetLoadedEditorAssemblies (6ms)
			RefreshPlugins (0ms)
			BeforeProcessingInitializeOnLoad (61ms)
			ProcessInitializeOnLoadAttributes (320ms)
			ProcessInitializeOnLoadMethodAttributes (34ms)
			AfterProcessingInitializeOnLoad (4ms)
			EditorAssembliesLoaded (1ms)
		ExecutionOrderSort2 (0ms)
		AwakeInstancesAfterBackupRestoration (7ms)
Launched and connected shader compiler UnityShaderCompiler.exe after 0.06 seconds
Refreshing native plugins compatible for Editor in 2.50 ms, found 3 plugins.
Preloading 0 native plugins for Editor in 0.00 ms.
Unloading 3003 Unused Serialized files (Serialized files now loaded: 0)
Unloading 30 unused Assets / (55.7 KB). Loaded Objects now: 3468.
Memory consumption went from 113.3 MB to 113.2 MB.
Total: 5.808600 ms (FindLiveObjects: 0.469600 ms CreateObjectMapping: 0.296500 ms MarkObjects: 4.824600 ms  DeleteObjects: 0.216200 ms)

AssetImportParameters requested are different than current active one (requested -> active):
  custom:container-demuxer-ogg: 62fdf1f143b41e24485cea50d1cbac27 -> 
  custom:video-codec-MediaFoundation-h265: 746d11721c4dcdbdad8f713fa42b33f4 -> 
  custom:video-decoder-ogg-theora: a1e56fd34408186e4bbccfd4996cb3dc -> 
  custom:framework-win-MediaFoundation: 216162199b28c13a410421893ffa2e32 -> 
  custom:container-demuxer-webm: 4f35f7cbe854078d1ac9338744f61a02 -> 
  custom:container-muxer-webm: aa71ff27fc2769a1b78a27578f13a17b -> 
  custom:video-decoder-webm-vp8: 9c59270c3fd7afecdb556c50c9e8de78 -> 
  custom:AudioImporter_EditorPlatform: d09bf68614088b80899f8185d706f6e7 -> 
  custom:video-encoder-webm-vp8: eb34c28f22e8b96e1ab97ce403110664 -> 
  custom:audio-decoder-ogg-vorbis: bf7c407c2cedff20999df2af8eb42d56 -> 
  custom:audio-encoder-webm-vorbis: bf7c407c2cedff20999df2af8eb42d56 -> 
========================================================================
Received Import Request.
  Time since last request: 1448.160635 seconds.
  path: Assets/scenes/Gameplay.unity
  artifactKey: Guid(d18563c8ddacf9a47abc0891ab59a637) Importer(815301076,1909f56bfc062723c751e8b465ee728b)
Start importing Assets/scenes/Gameplay.unity using Guid(d18563c8ddacf9a47abc0891ab59a637) Importer(815301076,1909f56bfc062723c751e8b465ee728b)  -> (artifact id: '781b198cbd41451773b6562db0b09a94') in 0.004293 seconds
Number of updated asset objects reloaded before import = 0
Number of asset objects unloaded after import = 0
========================================================================
Received Import Request.
  Time since last request: 0.000041 seconds.
  path: Assets/scenes/DifficultyMenu.unity
  artifactKey: Guid(02a0c5c29fcd88b4794e9ded56d4d519) Importer(815301076,1909f56bfc062723c751e8b465ee728b)
Start importing Assets/scenes/DifficultyMenu.unity using Guid(02a0c5c29fcd88b4794e9ded56d4d519) Importer(815301076,1909f56bfc062723c751e8b465ee728b)  -> (artifact id: '0eb031a81df3f8d6750292b9f129f1ef') in 0.000461 seconds
Number of updated asset objects reloaded before import = 0
Number of asset objects unloaded after import = 0
========================================================================
Received Import Request.
  Time since last request: 0.330763 seconds.
  path: Assets/scenes/MainMenu.unity
  artifactKey: Guid(fc05e16595330724aad33ef295f95e42) Importer(815301076,1909f56bfc062723c751e8b465ee728b)
Start importing Assets/scenes/MainMenu.unity using Guid(fc05e16595330724aad33ef295f95e42) Importer(815301076,1909f56bfc062723c751e8b465ee728b)  -> (artifact id: '94cbfc484724ffc081c95e8164c9885e') in 0.000370 seconds
Number of updated asset objects reloaded before import = 0
Number of asset objects unloaded after import = 0
========================================================================
Received Import Request.
  Time since last request: 18.950540 seconds.
  path: Assets/prefabs/Burger.prefab
  artifactKey: Guid(fd11150ac70283149b43cf8683cb2bf3) Importer(815301076,1909f56bfc062723c751e8b465ee728b)
Start importing Assets/prefabs/Burger.prefab using Guid(fd11150ac70283149b43cf8683cb2bf3) Importer(815301076,1909f56bfc062723c751e8b465ee728b)  -> (artifact id: '9877f8ffc77980e06b608b52b7108c94') in 0.120676 seconds
Number of updated asset objects reloaded before import = 0
Number of asset objects unloaded after import = 39
========================================================================
Received Import Request.
  Time since last request: 56.983434 seconds.
  path: Assets/prefabs/Explosion.prefab
  artifactKey: Guid(2c0b1c81e40927140858d5b3c83f7ce0) Importer(815301076,1909f56bfc062723c751e8b465ee728b)
Start importing Assets/prefabs/Explosion.prefab using Guid(2c0b1c81e40927140858d5b3c83f7ce0) Importer(815301076,1909f56bfc062723c751e8b465ee728b)  -> (artifact id: 'bad1fbb6b403351a04a1d1a2adef30f8') in 0.020283 seconds
Internal: There are remaining Allocations on the JobTempAlloc. This is a leak, and will impact performance
To Debug, run app with -diag-job-temp-memory-leak-validation cmd line argument. This will output the callstacks of the leaked allocations.
Number of updated asset objects reloaded before import = 0
Number of asset objects unloaded after import = 21
========================================================================
Received Import Request.
  Time since last request: 2.289024 seconds.
  path: Assets/prefabs/FrenchFries.prefab
  artifactKey: Guid(a6541a936218a194e8f234ac1daddfb4) Importer(815301076,1909f56bfc062723c751e8b465ee728b)
Start importing Assets/prefabs/FrenchFries.prefab using Guid(a6541a936218a194e8f234ac1daddfb4) Importer(815301076,1909f56bfc062723c751e8b465ee728b)  -> (artifact id: '5012409bf17f6e540144666d8af1904f') in 0.014585 seconds
Internal: There are remaining Allocations on the JobTempAlloc. This is a leak, and will impact performance
To Debug, run app with -diag-job-temp-memory-leak-validation cmd line argument. This will output the callstacks of the leaked allocations.
Number of updated asset objects reloaded before import = 0
Number of asset objects unloaded after import = 30
========================================================================
Received Import Request.
  Time since last request: 0.257784 seconds.
  path: Assets/prefabs/TeddyBear.prefab
  artifactKey: Guid(dfe861f1c4af06345ab981f25ae14b76) Importer(815301076,1909f56bfc062723c751e8b465ee728b)
Start importing Assets/prefabs/TeddyBear.prefab using Guid(dfe861f1c4af06345ab981f25ae14b76) Importer(815301076,1909f56bfc062723c751e8b465ee728b)  -> (artifact id: '718b097ccfbd012ffc07fc778239016c') in 0.014915 seconds
Internal: There are remaining Allocations on the JobTempAlloc. This is a leak, and will impact performance
To Debug, run app with -diag-job-temp-memory-leak-validation cmd line argument. This will output the callstacks of the leaked allocations.
Number of updated asset objects reloaded before import = 0
Number of asset objects unloaded after import = 42
========================================================================
Received Import Request.
  Time since last request: 0.569458 seconds.
  path: Assets/prefabs/TeddyBearProjectile.prefab
  artifactKey: Guid(36654e6fed4a5584493a84186173c93e) Importer(815301076,1909f56bfc062723c751e8b465ee728b)
Start importing Assets/prefabs/TeddyBearProjectile.prefab using Guid(36654e6fed4a5584493a84186173c93e) Importer(815301076,1909f56bfc062723c751e8b465ee728b)  -> (artifact id: '75f8ca40a914475a64cedd3c938be3c2') in 0.016315 seconds
Internal: There are remaining Allocations on the JobTempAlloc. This is a leak, and will impact performance
To Debug, run app with -diag-job-temp-memory-leak-validation cmd line argument. This will output the callstacks of the leaked allocations.
Number of updated asset objects reloaded before import = 0
Number of asset objects unloaded after import = 31
========================================================================
Received Import Request.
  Time since last request: 9.448809 seconds.
  path: Assets/audio/Resources
  artifactKey: Guid(646c5f5ace6715742b60c9d81918105e) Importer(815301076,1909f56bfc062723c751e8b465ee728b)
Start importing Assets/audio/Resources using Guid(646c5f5ace6715742b60c9d81918105e) Importer(815301076,1909f56bfc062723c751e8b465ee728b)  -> (artifact id: '816c2317590832caff44093dbd748866') in 0.000540 seconds
Internal: There are remaining Allocations on the JobTempAlloc. This is a leak, and will impact performance
To Debug, run app with -diag-job-temp-memory-leak-validation cmd line argument. This will output the callstacks of the leaked allocations.
Number of updated asset objects reloaded before import = 0
Number of asset objects unloaded after import = 0
========================================================================
Received Import Request.
  Time since last request: 8.208309 seconds.
  path: Assets/materials/Resources
  artifactKey: Guid(1fb0abddc9b82744780f10baeda647f7) Importer(815301076,1909f56bfc062723c751e8b465ee728b)
Start importing Assets/materials/Resources using Guid(1fb0abddc9b82744780f10baeda647f7) Importer(815301076,1909f56bfc062723c751e8b465ee728b)  -> (artifact id: 'd1822256e8c97992047e2a3d236862b4') in 0.000435 seconds
Internal: There are remaining Allocations on the JobTempAlloc. This is a leak, and will impact performance
To Debug, run app with -diag-job-temp-memory-leak-validation cmd line argument. This will output the callstacks of the leaked allocations.
Number of updated asset objects reloaded before import = 0
Number of asset objects unloaded after import = 0
========================================================================
Received Import Request.
  Time since last request: 29.730650 seconds.
  path: Assets/prefabs/Player.prefab
  artifactKey: Guid(fd11150ac70283149b43cf8683cb2bf3) Importer(815301076,1909f56bfc062723c751e8b465ee728b)
Start importing Assets/prefabs/Player.prefab using Guid(fd11150ac70283149b43cf8683cb2bf3) Importer(815301076,1909f56bfc062723c751e8b465ee728b)  -> (artifact id: 'f8e9003bda3ba95434953fec7a404c12') in 0.020150 seconds
Internal: There are remaining Allocations on the JobTempAlloc. This is a leak, and will impact performance
To Debug, run app with -diag-job-temp-memory-leak-validation cmd line argument. This will output the callstacks of the leaked allocations.
Number of updated asset objects reloaded before import = 0
Number of asset objects unloaded after import = 39
========================================================================
Received Import Request.
  Time since last request: 14.107521 seconds.
  path: Assets/prefabs/Rocket1.prefab
  artifactKey: Guid(a6541a936218a194e8f234ac1daddfb4) Importer(815301076,1909f56bfc062723c751e8b465ee728b)
Start importing Assets/prefabs/Rocket1.prefab using Guid(a6541a936218a194e8f234ac1daddfb4) Importer(815301076,1909f56bfc062723c751e8b465ee728b)  -> (artifact id: 'ae88a8581f58277d876f2c2cf462497f') in 0.011298 seconds
Internal: There are remaining Allocations on the JobTempAlloc. This is a leak, and will impact performance
To Debug, run app with -diag-job-temp-memory-leak-validation cmd line argument. This will output the callstacks of the leaked allocations.
Number of updated asset objects reloaded before import = 0
Number of asset objects unloaded after import = 30
========================================================================
Received Import Request.
  Time since last request: 4.449950 seconds.
  path: Assets/prefabs/Rocket2.prefab
  artifactKey: Guid(36654e6fed4a5584493a84186173c93e) Importer(815301076,1909f56bfc062723c751e8b465ee728b)
Start importing Assets/prefabs/Rocket2.prefab using Guid(36654e6fed4a5584493a84186173c93e) Importer(815301076,1909f56bfc062723c751e8b465ee728b)  -> (artifact id: '1db9219320068d654ee9ecb3ef8cf1e3') in 0.008291 seconds
Internal: There are remaining Allocations on the JobTempAlloc. This is a leak, and will impact performance
To Debug, run app with -diag-job-temp-memory-leak-validation cmd line argument. This will output the callstacks of the leaked allocations.
Number of updated asset objects reloaded before import = 0
Number of asset objects unloaded after import = 31
========================================================================
Received Import Request.
  Time since last request: 1.143597 seconds.
  path: Assets/prefabs/TeddyBear.prefab
  artifactKey: Guid(dfe861f1c4af06345ab981f25ae14b76) Importer(815301076,1909f56bfc062723c751e8b465ee728b)
Start importing Assets/prefabs/TeddyBear.prefab using Guid(dfe861f1c4af06345ab981f25ae14b76) Importer(815301076,1909f56bfc062723c751e8b465ee728b)  -> (artifact id: 'd4e9db772f8caefbd4d8a173e8d631ec') in 0.016592 seconds
Internal: There are remaining Allocations on the JobTempAlloc. This is a leak, and will impact performance
To Debug, run app with -diag-job-temp-memory-leak-validation cmd line argument. This will output the callstacks of the leaked allocations.
Number of updated asset objects reloaded before import = 0
Number of asset objects unloaded after import = 42
========================================================================
Received Import Request.
  Time since last request: 7.522035 seconds.
  path: Assets/prefabs/Enemy_Disk.prefab
  artifactKey: Guid(dfe861f1c4af06345ab981f25ae14b76) Importer(815301076,1909f56bfc062723c751e8b465ee728b)
Start importing Assets/prefabs/Enemy_Disk.prefab using Guid(dfe861f1c4af06345ab981f25ae14b76) Importer(815301076,1909f56bfc062723c751e8b465ee728b)  -> (artifact id: '3f3420ea76e6b9cf2f13c65fcca2192a') in 0.016692 seconds
Internal: There are remaining Allocations on the JobTempAlloc. This is a leak, and will impact performance
To Debug, run app with -diag-job-temp-memory-leak-validation cmd line argument. This will output the callstacks of the leaked allocations.
Number of updated asset objects reloaded before import = 0
Number of asset objects unloaded after import = 42
========================================================================
Received Import Request.
  Time since last request: 2.502792 seconds.
  path: Assets/prefabs/Player.prefab
  artifactKey: Guid(fd11150ac70283149b43cf8683cb2bf3) Importer(815301076,1909f56bfc062723c751e8b465ee728b)
Start importing Assets/prefabs/Player.prefab using Guid(fd11150ac70283149b43cf8683cb2bf3) Importer(815301076,1909f56bfc062723c751e8b465ee728b)  -> (artifact id: '62de02632aba99be5d553c6a38ebb925') in 0.014578 seconds
Internal: There are remaining Allocations on the JobTempAlloc. This is a leak, and will impact performance
To Debug, run app with -diag-job-temp-memory-leak-validation cmd line argument. This will output the callstacks of the leaked allocations.
Number of updated asset objects reloaded before import = 0
Number of asset objects unloaded after import = 39
========================================================================
Received Import Request.
  Time since last request: 51.460036 seconds.
  path: Assets/scenes/DifficultyMenu.unity
  artifactKey: Guid(02a0c5c29fcd88b4794e9ded56d4d519) Importer(815301076,1909f56bfc062723c751e8b465ee728b)
Start importing Assets/scenes/DifficultyMenu.unity using Guid(02a0c5c29fcd88b4794e9ded56d4d519) Importer(815301076,1909f56bfc062723c751e8b465ee728b)  -> (artifact id: '6f6be7dd8374b061508349f217c83896') in 0.000495 seconds
Internal: There are remaining Allocations on the JobTempAlloc. This is a leak, and will impact performance
To Debug, run app with -diag-job-temp-memory-leak-validation cmd line argument. This will output the callstacks of the leaked allocations.
Number of updated asset objects reloaded before import = 0
Number of asset objects unloaded after import = 0
========================================================================
Received Import Request.
  Time since last request: 9.204012 seconds.
  path: Assets/scenes/MainMenu.unity
  artifactKey: Guid(fc05e16595330724aad33ef295f95e42) Importer(815301076,1909f56bfc062723c751e8b465ee728b)
Start importing Assets/scenes/MainMenu.unity using Guid(fc05e16595330724aad33ef295f95e42) Importer(815301076,1909f56bfc062723c751e8b465ee728b)  -> (artifact id: 'e0fec08bc0ebb5a82bea8a23066700ba') in 0.000403 seconds
Internal: JobTempAlloc has allocations that are more than the maximum lifespan of 4 frames old - this is not allowed and likely a leak
To Debug, run app with -diag-job-temp-memory-leak-validation cmd line argument. This will output the callstacks of the leaked allocations.
Internal: There are remaining Allocations on the JobTempAlloc. This is a leak, and will impact performance
To Debug, run app with -diag-job-temp-memory-leak-validation cmd line argument. This will output the callstacks of the leaked allocations.
Number of updated asset objects reloaded before import = 0
Number of asset objects unloaded after import = 0
========================================================================
Received Import Request.
  Time since last request: 2.547832 seconds.
  path: Assets/scenes/0MainMenu.unity
  artifactKey: Guid(fc05e16595330724aad33ef295f95e42) Importer(815301076,1909f56bfc062723c751e8b465ee728b)
Start importing Assets/scenes/0MainMenu.unity using Guid(fc05e16595330724aad33ef295f95e42) Importer(815301076,1909f56bfc062723c751e8b465ee728b)  -> (artifact id: '6ada4a01d3e30e0273775a1aa612d93f') in 0.000417 seconds
Internal: There are remaining Allocations on the JobTempAlloc. This is a leak, and will impact performance
To Debug, run app with -diag-job-temp-memory-leak-validation cmd line argument. This will output the callstacks of the leaked allocations.
Number of updated asset objects reloaded before import = 0
Number of asset objects unloaded after import = 0
========================================================================
Received Import Request.
  Time since last request: 2.574048 seconds.
  path: Assets/scenes/1DifficultyMenu.unity
  artifactKey: Guid(02a0c5c29fcd88b4794e9ded56d4d519) Importer(815301076,1909f56bfc062723c751e8b465ee728b)
Start importing Assets/scenes/1DifficultyMenu.unity using Guid(02a0c5c29fcd88b4794e9ded56d4d519) Importer(815301076,1909f56bfc062723c751e8b465ee728b)  -> (artifact id: '3d0826ff22173647b46446d823bd8519') in 0.000503 seconds
Internal: There are remaining Allocations on the JobTempAlloc. This is a leak, and will impact performance
To Debug, run app with -diag-job-temp-memory-leak-validation cmd line argument. This will output the callstacks of the leaked allocations.
Number of updated asset objects reloaded before import = 0
Number of asset objects unloaded after import = 0
========================================================================
Received Prepare
Begin MonoManager ReloadAssembly
Symbol file LoadedFromMemory doesn't match image D:\Unity Project\Spacewar_test\Library\PackageCache\com.unity.visualscripting@1.8.0\Editor\VisualScripting.Core\Dependencies\YamlDotNet\Unity.VisualScripting.YamlDotNet.dll
Symbol file LoadedFromMemory doesn't match image D:\Unity Project\Spacewar_test\Library\PackageCache\com.unity.visualscripting@1.8.0\Editor\VisualScripting.Core\Dependencies\DotNetZip\Unity.VisualScripting.IonicZip.dll
- Loaded All Assemblies, in  0.835 seconds
Refreshing native plugins compatible for Editor in 1.56 ms, found 3 plugins.
Native extension for WindowsStandalone target not found
Mono: successfully reloaded assembly
- Finished resetting the current domain, in  0.677 seconds
Domain Reload Profiling: 1512ms
	BeginReloadAssembly (335ms)
		ExecutionOrderSort (0ms)
		DisableScriptedObjects (9ms)
		BackupInstance (0ms)
		ReleaseScriptingObjects (0ms)
		CreateAndSetChildDomain (44ms)
	RebuildCommonClasses (36ms)
	RebuildNativeTypeToScriptingClass (11ms)
	initialDomainReloadingComplete (32ms)
	LoadAllAssembliesAndSetupDomain (420ms)
		LoadAssemblies (253ms)
		RebuildTransferFunctionScriptingTraits (0ms)
		AnalyzeDomain (249ms)
			TypeCache.Refresh (241ms)
				TypeCache.ScanAssembly (230ms)
			ScanForSourceGeneratedMonoScriptInfo (3ms)
			ResolveRequiredComponents (5ms)
	FinalizeReload (677ms)
		ReleaseScriptCaches (0ms)
		RebuildScriptCaches (0ms)
		SetupLoadedEditorAssemblies (322ms)
			LogAssemblyErrors (0ms)
			InitializePlatformSupportModulesInManaged (5ms)
			SetLoadedEditorAssemblies (5ms)
			RefreshPlugins (0ms)
			BeforeProcessingInitializeOnLoad (59ms)
			ProcessInitializeOnLoadAttributes (230ms)
			ProcessInitializeOnLoadMethodAttributes (20ms)
			AfterProcessingInitializeOnLoad (3ms)
			EditorAssembliesLoaded (0ms)
		ExecutionOrderSort2 (0ms)
		AwakeInstancesAfterBackupRestoration (8ms)
Refreshing native plugins compatible for Editor in 1.52 ms, found 3 plugins.
Preloading 0 native plugins for Editor in 0.00 ms.
Unloading 2996 Unused Serialized files (Serialized files now loaded: 0)
Unloading 25 unused Assets / (30.0 KB). Loaded Objects now: 3479.
Memory consumption went from 117.2 MB to 117.2 MB.
Total: 3.036900 ms (FindLiveObjects: 0.245800 ms CreateObjectMapping: 0.332300 ms MarkObjects: 2.414600 ms  DeleteObjects: 0.043300 ms)

Prepare: number of updated asset objects reloaded= 0
AssetImportParameters requested are different than current active one (requested -> active):
  custom:container-demuxer-ogg: 62fdf1f143b41e24485cea50d1cbac27 -> 
  custom:video-codec-MediaFoundation-h265: 746d11721c4dcdbdad8f713fa42b33f4 -> 
  custom:video-decoder-ogg-theora: a1e56fd34408186e4bbccfd4996cb3dc -> 
  custom:framework-win-MediaFoundation: 216162199b28c13a410421893ffa2e32 -> 
  custom:container-demuxer-webm: 4f35f7cbe854078d1ac9338744f61a02 -> 
  custom:container-muxer-webm: aa71ff27fc2769a1b78a27578f13a17b -> 
  custom:video-decoder-webm-vp8: 9c59270c3fd7afecdb556c50c9e8de78 -> 
  custom:AudioImporter_EditorPlatform: d09bf68614088b80899f8185d706f6e7 -> 
  custom:video-encoder-webm-vp8: eb34c28f22e8b96e1ab97ce403110664 -> 
  custom:audio-decoder-ogg-vorbis: bf7c407c2cedff20999df2af8eb42d56 -> 
  custom:audio-encoder-webm-vorbis: bf7c407c2cedff20999df2af8eb42d56 -> 
========================================================================
Received Prepare
Begin MonoManager ReloadAssembly
Symbol file LoadedFromMemory doesn't match image D:\Unity Project\Spacewar_test\Library\PackageCache\com.unity.visualscripting@1.8.0\Editor\VisualScripting.Core\Dependencies\YamlDotNet\Unity.VisualScripting.YamlDotNet.dll
Symbol file LoadedFromMemory doesn't match image D:\Unity Project\Spacewar_test\Library\PackageCache\com.unity.visualscripting@1.8.0\Editor\VisualScripting.Core\Dependencies\DotNetZip\Unity.VisualScripting.IonicZip.dll
- Loaded All Assemblies, in  0.804 seconds
Refreshing native plugins compatible for Editor in 2.14 ms, found 3 plugins.
Native extension for WindowsStandalone target not found
Mono: successfully reloaded assembly
- Finished resetting the current domain, in  0.650 seconds
Domain Reload Profiling: 1455ms
	BeginReloadAssembly (316ms)
		ExecutionOrderSort (0ms)
		DisableScriptedObjects (6ms)
		BackupInstance (0ms)
		ReleaseScriptingObjects (0ms)
		CreateAndSetChildDomain (39ms)
	RebuildCommonClasses (32ms)
	RebuildNativeTypeToScriptingClass (11ms)
	initialDomainReloadingComplete (31ms)
	LoadAllAssembliesAndSetupDomain (414ms)
		LoadAssemblies (242ms)
		RebuildTransferFunctionScriptingTraits (0ms)
		AnalyzeDomain (254ms)
			TypeCache.Refresh (245ms)
				TypeCache.ScanAssembly (233ms)
			ScanForSourceGeneratedMonoScriptInfo (2ms)
			ResolveRequiredComponents (7ms)
	FinalizeReload (651ms)
		ReleaseScriptCaches (0ms)
		RebuildScriptCaches (0ms)
		SetupLoadedEditorAssemblies (300ms)
			LogAssemblyErrors (0ms)
			InitializePlatformSupportModulesInManaged (5ms)
			SetLoadedEditorAssemblies (6ms)
			RefreshPlugins (0ms)
			BeforeProcessingInitializeOnLoad (57ms)
			ProcessInitializeOnLoadAttributes (209ms)
			ProcessInitializeOnLoadMethodAttributes (20ms)
			AfterProcessingInitializeOnLoad (3ms)
			EditorAssembliesLoaded (0ms)
		ExecutionOrderSort2 (0ms)
		AwakeInstancesAfterBackupRestoration (8ms)
Refreshing native plugins compatible for Editor in 1.42 ms, found 3 plugins.
Preloading 0 native plugins for Editor in 0.00 ms.
Unloading 2997 Unused Serialized files (Serialized files now loaded: 0)
Unloading 25 unused Assets / (30.1 KB). Loaded Objects now: 3482.
Memory consumption went from 117.4 MB to 117.4 MB.
Total: 2.531000 ms (FindLiveObjects: 0.235800 ms CreateObjectMapping: 0.184200 ms MarkObjects: 2.071200 ms  DeleteObjects: 0.038800 ms)

Prepare: number of updated asset objects reloaded= 0
AssetImportParameters requested are different than current active one (requested -> active):
  custom:container-demuxer-ogg: 62fdf1f143b41e24485cea50d1cbac27 -> 
  custom:video-codec-MediaFoundation-h265: 746d11721c4dcdbdad8f713fa42b33f4 -> 
  custom:video-decoder-ogg-theora: a1e56fd34408186e4bbccfd4996cb3dc -> 
  custom:framework-win-MediaFoundation: 216162199b28c13a410421893ffa2e32 -> 
  custom:container-demuxer-webm: 4f35f7cbe854078d1ac9338744f61a02 -> 
  custom:container-muxer-webm: aa71ff27fc2769a1b78a27578f13a17b -> 
  custom:video-decoder-webm-vp8: 9c59270c3fd7afecdb556c50c9e8de78 -> 
  custom:AudioImporter_EditorPlatform: d09bf68614088b80899f8185d706f6e7 -> 
  custom:video-encoder-webm-vp8: eb34c28f22e8b96e1ab97ce403110664 -> 
  custom:audio-decoder-ogg-vorbis: bf7c407c2cedff20999df2af8eb42d56 -> 
  custom:audio-encoder-webm-vorbis: bf7c407c2cedff20999df2af8eb42d56 -> 
========================================================================
Received Prepare
Begin MonoManager ReloadAssembly
Symbol file LoadedFromMemory doesn't match image D:\Unity Project\Spacewar_test\Library\PackageCache\com.unity.visualscripting@1.8.0\Editor\VisualScripting.Core\Dependencies\YamlDotNet\Unity.VisualScripting.YamlDotNet.dll
Symbol file LoadedFromMemory doesn't match image D:\Unity Project\Spacewar_test\Library\PackageCache\com.unity.visualscripting@1.8.0\Editor\VisualScripting.Core\Dependencies\DotNetZip\Unity.VisualScripting.IonicZip.dll
- Loaded All Assemblies, in  1.051 seconds
Refreshing native plugins compatible for Editor in 3.29 ms, found 3 plugins.
Native extension for WindowsStandalone target not found
Mono: successfully reloaded assembly
- Finished resetting the current domain, in  1.012 seconds
Domain Reload Profiling: 2065ms
	BeginReloadAssembly (485ms)
		ExecutionOrderSort (0ms)
		DisableScriptedObjects (6ms)
		BackupInstance (0ms)
		ReleaseScriptingObjects (0ms)
		CreateAndSetChildDomain (33ms)
	RebuildCommonClasses (49ms)
	RebuildNativeTypeToScriptingClass (12ms)
	initialDomainReloadingComplete (29ms)
	LoadAllAssembliesAndSetupDomain (478ms)
		LoadAssemblies (247ms)
		RebuildTransferFunctionScriptingTraits (0ms)
		AnalyzeDomain (301ms)
			TypeCache.Refresh (294ms)
				TypeCache.ScanAssembly (274ms)
			ScanForSourceGeneratedMonoScriptInfo (0ms)
			ResolveRequiredComponents (6ms)
	FinalizeReload (1012ms)
		ReleaseScriptCaches (0ms)
		RebuildScriptCaches (0ms)
		SetupLoadedEditorAssemblies (468ms)
			LogAssemblyErrors (0ms)
			InitializePlatformSupportModulesInManaged (7ms)
			SetLoadedEditorAssemblies (9ms)
			RefreshPlugins (0ms)
			BeforeProcessingInitializeOnLoad (80ms)
			ProcessInitializeOnLoadAttributes (333ms)
			ProcessInitializeOnLoadMethodAttributes (34ms)
			AfterProcessingInitializeOnLoad (5ms)
			EditorAssembliesLoaded (0ms)
		ExecutionOrderSort2 (0ms)
		AwakeInstancesAfterBackupRestoration (10ms)
Refreshing native plugins compatible for Editor in 1.81 ms, found 3 plugins.
Preloading 0 native plugins for Editor in 0.00 ms.
Unloading 2997 Unused Serialized files (Serialized files now loaded: 0)
Unloading 25 unused Assets / (30.1 KB). Loaded Objects now: 3485.
Memory consumption went from 117.4 MB to 117.4 MB.
Total: 5.759900 ms (FindLiveObjects: 0.363700 ms CreateObjectMapping: 0.382900 ms MarkObjects: 4.665100 ms  DeleteObjects: 0.344000 ms)

Prepare: number of updated asset objects reloaded= 0
AssetImportParameters requested are different than current active one (requested -> active):
  custom:container-demuxer-ogg: 62fdf1f143b41e24485cea50d1cbac27 -> 
  custom:video-codec-MediaFoundation-h265: 746d11721c4dcdbdad8f713fa42b33f4 -> 
  custom:video-decoder-ogg-theora: a1e56fd34408186e4bbccfd4996cb3dc -> 
  custom:framework-win-MediaFoundation: 216162199b28c13a410421893ffa2e32 -> 
  custom:container-demuxer-webm: 4f35f7cbe854078d1ac9338744f61a02 -> 
  custom:container-muxer-webm: aa71ff27fc2769a1b78a27578f13a17b -> 
  custom:video-decoder-webm-vp8: 9c59270c3fd7afecdb556c50c9e8de78 -> 
  custom:AudioImporter_EditorPlatform: d09bf68614088b80899f8185d706f6e7 -> 
  custom:video-encoder-webm-vp8: eb34c28f22e8b96e1ab97ce403110664 -> 
  custom:audio-decoder-ogg-vorbis: bf7c407c2cedff20999df2af8eb42d56 -> 
  custom:audio-encoder-webm-vorbis: bf7c407c2cedff20999df2af8eb42d56 -> 
========================================================================
Received Prepare
Begin MonoManager ReloadAssembly
Symbol file LoadedFromMemory doesn't match image D:\Unity Project\Spacewar_test\Library\PackageCache\com.unity.visualscripting@1.8.0\Editor\VisualScripting.Core\Dependencies\YamlDotNet\Unity.VisualScripting.YamlDotNet.dll
Symbol file LoadedFromMemory doesn't match image D:\Unity Project\Spacewar_test\Library\PackageCache\com.unity.visualscripting@1.8.0\Editor\VisualScripting.Core\Dependencies\DotNetZip\Unity.VisualScripting.IonicZip.dll
- Loaded All Assemblies, in  0.780 seconds
Refreshing native plugins compatible for Editor in 1.49 ms, found 3 plugins.
Native extension for WindowsStandalone target not found
Mono: successfully reloaded assembly
- Finished resetting the current domain, in  0.931 seconds
Domain Reload Profiling: 1712ms
	BeginReloadAssembly (301ms)
		ExecutionOrderSort (0ms)
		DisableScriptedObjects (7ms)
		BackupInstance (0ms)
		ReleaseScriptingObjects (0ms)
		CreateAndSetChildDomain (35ms)
	RebuildCommonClasses (38ms)
	RebuildNativeTypeToScriptingClass (17ms)
	initialDomainReloadingComplete (30ms)
	LoadAllAssembliesAndSetupDomain (395ms)
		LoadAssemblies (235ms)
		RebuildTransferFunctionScriptingTraits (0ms)
		AnalyzeDomain (231ms)
			TypeCache.Refresh (226ms)
				TypeCache.ScanAssembly (216ms)
			ScanForSourceGeneratedMonoScriptInfo (0ms)
			ResolveRequiredComponents (4ms)
	FinalizeReload (932ms)
		ReleaseScriptCaches (0ms)
		RebuildScriptCaches (0ms)
		SetupLoadedEditorAssemblies (464ms)
			LogAssemblyErrors (0ms)
			InitializePlatformSupportModulesInManaged (8ms)
			SetLoadedEditorAssemblies (11ms)
			RefreshPlugins (0ms)
			BeforeProcessingInitializeOnLoad (79ms)
			ProcessInitializeOnLoadAttributes (334ms)
			ProcessInitializeOnLoadMethodAttributes (29ms)
			AfterProcessingInitializeOnLoad (4ms)
			EditorAssembliesLoaded (0ms)
		ExecutionOrderSort2 (0ms)
		AwakeInstancesAfterBackupRestoration (9ms)
Refreshing native plugins compatible for Editor in 3.24 ms, found 3 plugins.
Preloading 0 native plugins for Editor in 0.00 ms.
Unloading 2997 Unused Serialized files (Serialized files now loaded: 0)
Unloading 25 unused Assets / (30.1 KB). Loaded Objects now: 3488.
Memory consumption went from 117.4 MB to 117.4 MB.
Total: 6.299300 ms (FindLiveObjects: 0.425100 ms CreateObjectMapping: 0.355600 ms MarkObjects: 5.332800 ms  DeleteObjects: 0.183300 ms)

Prepare: number of updated asset objects reloaded= 0
AssetImportParameters requested are different than current active one (requested -> active):
  custom:container-demuxer-ogg: 62fdf1f143b41e24485cea50d1cbac27 -> 
  custom:video-codec-MediaFoundation-h265: 746d11721c4dcdbdad8f713fa42b33f4 -> 
  custom:video-decoder-ogg-theora: a1e56fd34408186e4bbccfd4996cb3dc -> 
  custom:framework-win-MediaFoundation: 216162199b28c13a410421893ffa2e32 -> 
  custom:container-demuxer-webm: 4f35f7cbe854078d1ac9338744f61a02 -> 
  custom:container-muxer-webm: aa71ff27fc2769a1b78a27578f13a17b -> 
  custom:video-decoder-webm-vp8: 9c59270c3fd7afecdb556c50c9e8de78 -> 
  custom:AudioImporter_EditorPlatform: d09bf68614088b80899f8185d706f6e7 -> 
  custom:video-encoder-webm-vp8: eb34c28f22e8b96e1ab97ce403110664 -> 
  custom:audio-decoder-ogg-vorbis: bf7c407c2cedff20999df2af8eb42d56 -> 
  custom:audio-encoder-webm-vorbis: bf7c407c2cedff20999df2af8eb42d56 -> 
========================================================================
Received Import Request.
  Time since last request: 481.875244 seconds.
  path: Assets/SCENES/GameplaySettings.lighting
  artifactKey: Guid(76b60466e8ec0d840ae6f0fa8c89f7a3) Importer(815301076,1909f56bfc062723c751e8b465ee728b)
Start importing Assets/SCENES/GameplaySettings.lighting using Guid(76b60466e8ec0d840ae6f0fa8c89f7a3) Importer(815301076,1909f56bfc062723c751e8b465ee728b) LightingSettings: switching bake backend from 1 to 0.
 -> (artifact id: '1f08ff9125f4331613213f1757163d23') in 0.010255 seconds
Number of updated asset objects reloaded before import = 0
Number of asset objects unloaded after import = 1
========================================================================
Received Prepare
Begin MonoManager ReloadAssembly
Symbol file LoadedFromMemory doesn't match image D:\Unity Project\Spacewar_test\Library\PackageCache\com.unity.visualscripting@1.8.0\Editor\VisualScripting.Core\Dependencies\YamlDotNet\Unity.VisualScripting.YamlDotNet.dll
Symbol file LoadedFromMemory doesn't match image D:\Unity Project\Spacewar_test\Library\PackageCache\com.unity.visualscripting@1.8.0\Editor\VisualScripting.Core\Dependencies\DotNetZip\Unity.VisualScripting.IonicZip.dll
- Loaded All Assemblies, in  1.095 seconds
Refreshing native plugins compatible for Editor in 2.31 ms, found 3 plugins.
Native extension for WindowsStandalone target not found
Mono: successfully reloaded assembly
- Finished resetting the current domain, in  1.544 seconds
Domain Reload Profiling: 2643ms
	BeginReloadAssembly (562ms)
		ExecutionOrderSort (0ms)
		DisableScriptedObjects (6ms)
		BackupInstance (0ms)
		ReleaseScriptingObjects (0ms)
		CreateAndSetChildDomain (37ms)
	RebuildCommonClasses (38ms)
	RebuildNativeTypeToScriptingClass (12ms)
	initialDomainReloadingComplete (31ms)
	LoadAllAssembliesAndSetupDomain (455ms)
		LoadAssemblies (281ms)
		RebuildTransferFunctionScriptingTraits (0ms)
		AnalyzeDomain (250ms)
			TypeCache.Refresh (244ms)
				TypeCache.ScanAssembly (230ms)
			ScanForSourceGeneratedMonoScriptInfo (0ms)
			ResolveRequiredComponents (5ms)
	FinalizeReload (1545ms)
		ReleaseScriptCaches (0ms)
		RebuildScriptCaches (0ms)
		SetupLoadedEditorAssemblies (496ms)
			LogAssemblyErrors (0ms)
			InitializePlatformSupportModulesInManaged (8ms)
			SetLoadedEditorAssemblies (9ms)
			RefreshPlugins (0ms)
			BeforeProcessingInitializeOnLoad (82ms)
			ProcessInitializeOnLoadAttributes (357ms)
			ProcessInitializeOnLoadMethodAttributes (36ms)
			AfterProcessingInitializeOnLoad (4ms)
			EditorAssembliesLoaded (0ms)
		ExecutionOrderSort2 (0ms)
		AwakeInstancesAfterBackupRestoration (9ms)
Refreshing native plugins compatible for Editor in 2.55 ms, found 3 plugins.
Preloading 0 native plugins for Editor in 0.00 ms.
Unloading 2996 Unused Serialized files (Serialized files now loaded: 0)
Unloading 25 unused Assets / (30.1 KB). Loaded Objects now: 3491.
Memory consumption went from 117.2 MB to 117.2 MB.
Total: 5.968800 ms (FindLiveObjects: 0.432600 ms CreateObjectMapping: 0.705300 ms MarkObjects: 4.734200 ms  DeleteObjects: 0.095500 ms)

Prepare: number of updated asset objects reloaded= 0
AssetImportParameters requested are different than current active one (requested -> active):
  custom:container-demuxer-ogg: 62fdf1f143b41e24485cea50d1cbac27 -> 
  custom:video-codec-MediaFoundation-h265: 746d11721c4dcdbdad8f713fa42b33f4 -> 
  custom:video-decoder-ogg-theora: a1e56fd34408186e4bbccfd4996cb3dc -> 
  custom:framework-win-MediaFoundation: 216162199b28c13a410421893ffa2e32 -> 
  custom:container-demuxer-webm: 4f35f7cbe854078d1ac9338744f61a02 -> 
  custom:container-muxer-webm: aa71ff27fc2769a1b78a27578f13a17b -> 
  custom:video-decoder-webm-vp8: 9c59270c3fd7afecdb556c50c9e8de78 -> 
  custom:AudioImporter_EditorPlatform: d09bf68614088b80899f8185d706f6e7 -> 
  custom:video-encoder-webm-vp8: eb34c28f22e8b96e1ab97ce403110664 -> 
  custom:audio-decoder-ogg-vorbis: bf7c407c2cedff20999df2af8eb42d56 -> 
  custom:audio-encoder-webm-vorbis: bf7c407c2cedff20999df2af8eb42d56 -> 
========================================================================
Received Import Request.
  Time since last request: 349.626208 seconds.
  path: Assets/SCENES/0MainMenu.unity
  artifactKey: Guid(fc05e16595330724aad33ef295f95e42) Importer(815301076,1909f56bfc062723c751e8b465ee728b)
Start importing Assets/SCENES/0MainMenu.unity using Guid(fc05e16595330724aad33ef295f95e42) Importer(815301076,1909f56bfc062723c751e8b465ee728b)  -> (artifact id: '34b777c45ce0a60c4c9419216426c1a0') in 0.003168 seconds
Number of updated asset objects reloaded before import = 0
Number of asset objects unloaded after import = 0
========================================================================
Received Import Request.
  Time since last request: 13.911758 seconds.
  path: Assets/SCENES/1DifficultyMenu.unity
  artifactKey: Guid(02a0c5c29fcd88b4794e9ded56d4d519) Importer(815301076,1909f56bfc062723c751e8b465ee728b)
Start importing Assets/SCENES/1DifficultyMenu.unity using Guid(02a0c5c29fcd88b4794e9ded56d4d519) Importer(815301076,1909f56bfc062723c751e8b465ee728b)  -> (artifact id: '314f9420ec2fa4e4047a5b3397fbccc6') in 0.000803 seconds
Number of updated asset objects reloaded before import = 0
Number of asset objects unloaded after import = 0
========================================================================
Received Import Request.
  Time since last request: 3.906904 seconds.
  path: Assets/SCENES/Gameplay.unity
  artifactKey: Guid(d18563c8ddacf9a47abc0891ab59a637) Importer(815301076,1909f56bfc062723c751e8b465ee728b)
Start importing Assets/SCENES/Gameplay.unity using Guid(d18563c8ddacf9a47abc0891ab59a637) Importer(815301076,1909f56bfc062723c751e8b465ee728b)  -> (artifact id: '0db587338a05ce3c1f10e0fd9dfe825c') in 0.000998 seconds
Number of updated asset objects reloaded before import = 0
Number of asset objects unloaded after import = 0
========================================================================
Received Import Request.
  Time since last request: 632.913855 seconds.
  path: Assets/SCENES/0MainMenu.unity
  artifactKey: Guid(fc05e16595330724aad33ef295f95e42) Importer(815301076,1909f56bfc062723c751e8b465ee728b)
Start importing Assets/SCENES/0MainMenu.unity using Guid(fc05e16595330724aad33ef295f95e42) Importer(815301076,1909f56bfc062723c751e8b465ee728b)  -> (artifact id: 'b3bf9c92ab1214c2489204233ba98f8b') in 0.000633 seconds
Number of updated asset objects reloaded before import = 0
Number of asset objects unloaded after import = 0
========================================================================
Received Import Request.
  Time since last request: 87.160226 seconds.
  path: Assets/SCENES/MainMenu.unity
  artifactKey: Guid(fc05e16595330724aad33ef295f95e42) Importer(815301076,1909f56bfc062723c751e8b465ee728b)
Start importing Assets/SCENES/MainMenu.unity using Guid(fc05e16595330724aad33ef295f95e42) Importer(815301076,1909f56bfc062723c751e8b465ee728b)  -> (artifact id: 'badf6a99ba05a30487ce104d2efb430d') in 0.000662 seconds
Number of updated asset objects reloaded before import = 0
Number of asset objects unloaded after import = 0
========================================================================
Received Import Request.
  Time since last request: 0.734120 seconds.
  path: Assets/SCENES/1DifficultyMenu.unity
  artifactKey: Guid(02a0c5c29fcd88b4794e9ded56d4d519) Importer(815301076,1909f56bfc062723c751e8b465ee728b)
Start importing Assets/SCENES/1DifficultyMenu.unity using Guid(02a0c5c29fcd88b4794e9ded56d4d519) Importer(815301076,1909f56bfc062723c751e8b465ee728b)  -> (artifact id: '47e2d5311d50e30061cac30c9e480150') in 0.000526 seconds
Number of updated asset objects reloaded before import = 0
Number of asset objects unloaded after import = 0
========================================================================
Received Import Request.
  Time since last request: 1.432859 seconds.
  path: Assets/SCENES/DifficultyMenu.unity
  artifactKey: Guid(02a0c5c29fcd88b4794e9ded56d4d519) Importer(815301076,1909f56bfc062723c751e8b465ee728b)
Start importing Assets/SCENES/DifficultyMenu.unity using Guid(02a0c5c29fcd88b4794e9ded56d4d519) Importer(815301076,1909f56bfc062723c751e8b465ee728b)  -> (artifact id: 'adba22942307e28ac46c7bf6b756b32b') in 0.001458 seconds
Number of updated asset objects reloaded before import = 0
Number of asset objects unloaded after import = 0
========================================================================
Received Prepare
Begin MonoManager ReloadAssembly
Symbol file LoadedFromMemory doesn't match image D:\Unity Project\Spacewar_test\Library\PackageCache\com.unity.visualscripting@1.8.0\Editor\VisualScripting.Core\Dependencies\YamlDotNet\Unity.VisualScripting.YamlDotNet.dll
Symbol file LoadedFromMemory doesn't match image D:\Unity Project\Spacewar_test\Library\PackageCache\com.unity.visualscripting@1.8.0\Editor\VisualScripting.Core\Dependencies\DotNetZip\Unity.VisualScripting.IonicZip.dll
- Loaded All Assemblies, in  1.179 seconds
Refreshing native plugins compatible for Editor in 2.51 ms, found 3 plugins.
Native extension for WindowsStandalone target not found
Mono: successfully reloaded assembly
- Finished resetting the current domain, in  1.521 seconds
Domain Reload Profiling: 2701ms
	BeginReloadAssembly (546ms)
		ExecutionOrderSort (0ms)
		DisableScriptedObjects (6ms)
		BackupInstance (0ms)
		ReleaseScriptingObjects (0ms)
		CreateAndSetChildDomain (39ms)
	RebuildCommonClasses (38ms)
	RebuildNativeTypeToScriptingClass (12ms)
	initialDomainReloadingComplete (29ms)
	LoadAllAssembliesAndSetupDomain (555ms)
		LoadAssemblies (270ms)
		RebuildTransferFunctionScriptingTraits (0ms)
		AnalyzeDomain (355ms)
			TypeCache.Refresh (349ms)
				TypeCache.ScanAssembly (327ms)
			ScanForSourceGeneratedMonoScriptInfo (0ms)
			ResolveRequiredComponents (6ms)
	FinalizeReload (1521ms)
		ReleaseScriptCaches (0ms)
		RebuildScriptCaches (0ms)
		SetupLoadedEditorAssemblies (482ms)
			LogAssemblyErrors (0ms)
			InitializePlatformSupportModulesInManaged (7ms)
			SetLoadedEditorAssemblies (8ms)
			RefreshPlugins (0ms)
			BeforeProcessingInitializeOnLoad (86ms)
			ProcessInitializeOnLoadAttributes (344ms)
			ProcessInitializeOnLoadMethodAttributes (34ms)
			AfterProcessingInitializeOnLoad (4ms)
			EditorAssembliesLoaded (0ms)
		ExecutionOrderSort2 (0ms)
		AwakeInstancesAfterBackupRestoration (11ms)
Refreshing native plugins compatible for Editor in 3.19 ms, found 3 plugins.
Preloading 0 native plugins for Editor in 0.00 ms.
Unloading 2996 Unused Serialized files (Serialized files now loaded: 0)
Unloading 25 unused Assets / (30.1 KB). Loaded Objects now: 3494.
Memory consumption went from 117.2 MB to 117.2 MB.
Total: 7.208100 ms (FindLiveObjects: 1.255400 ms CreateObjectMapping: 0.590900 ms MarkObjects: 5.228100 ms  DeleteObjects: 0.131600 ms)

Prepare: number of updated asset objects reloaded= 0
AssetImportParameters requested are different than current active one (requested -> active):
  custom:container-demuxer-ogg: 62fdf1f143b41e24485cea50d1cbac27 -> 
  custom:video-codec-MediaFoundation-h265: 746d11721c4dcdbdad8f713fa42b33f4 -> 
  custom:video-decoder-ogg-theora: a1e56fd34408186e4bbccfd4996cb3dc -> 
  custom:framework-win-MediaFoundation: 216162199b28c13a410421893ffa2e32 -> 
  custom:container-demuxer-webm: 4f35f7cbe854078d1ac9338744f61a02 -> 
  custom:container-muxer-webm: aa71ff27fc2769a1b78a27578f13a17b -> 
  custom:video-decoder-webm-vp8: 9c59270c3fd7afecdb556c50c9e8de78 -> 
  custom:AudioImporter_EditorPlatform: d09bf68614088b80899f8185d706f6e7 -> 
  custom:video-encoder-webm-vp8: eb34c28f22e8b96e1ab97ce403110664 -> 
  custom:audio-decoder-ogg-vorbis: bf7c407c2cedff20999df2af8eb42d56 -> 
  custom:audio-encoder-webm-vorbis: bf7c407c2cedff20999df2af8eb42d56 -> 
========================================================================
Received Import Request.
  Time since last request: 1201.091817 seconds.
  path: Assets/SCENES
  artifactKey: Guid(68de00532f014db45bb83f419855fe58) Importer(815301076,1909f56bfc062723c751e8b465ee728b)
Start importing Assets/SCENES using Guid(68de00532f014db45bb83f419855fe58) Importer(815301076,1909f56bfc062723c751e8b465ee728b)  -> (artifact id: '31435fb70e424606b3b34f58a370e146') in 0.006095 seconds
Number of updated asset objects reloaded before import = 0
Number of asset objects unloaded after import = 0
========================================================================
Received Import Request.
  Time since last request: 8.626561 seconds.
  path: Assets/SCENES/Arsenal.unity
  artifactKey: Guid(f4c8be224dae726429f2de6ae8ea5148) Importer(815301076,1909f56bfc062723c751e8b465ee728b)
Start importing Assets/SCENES/Arsenal.unity using Guid(f4c8be224dae726429f2de6ae8ea5148) Importer(815301076,1909f56bfc062723c751e8b465ee728b)  -> (artifact id: '8ee5abc00a28e5897696ec0339915466') in 0.000618 seconds
Number of updated asset objects reloaded before import = 0
Number of asset objects unloaded after import = 0
========================================================================
Received Import Request.
  Time since last request: 71.110493 seconds.
  path: Assets/StreamingAssets/ConfigurationData.csv
  artifactKey: Guid(92cbcd4cefc9ac5438a83a6c8a5b8260) Importer(815301076,1909f56bfc062723c751e8b465ee728b)
Start importing Assets/StreamingAssets/ConfigurationData.csv using Guid(92cbcd4cefc9ac5438a83a6c8a5b8260) Importer(815301076,1909f56bfc062723c751e8b465ee728b)  -> (artifact id: '3c8ffe430ab786f8c2ec236bca80fcdd') in 0.016136 seconds
Number of updated asset objects reloaded before import = 0
Number of asset objects unloaded after import = 1
========================================================================
Received Import Request.
  Time since last request: 47.745306 seconds.
  path: Assets/SPRITES
  artifactKey: Guid(d1ffa09bd75e1dd46927cb9cbea7cd71) Importer(815301076,1909f56bfc062723c751e8b465ee728b)
Start importing Assets/SPRITES using Guid(d1ffa09bd75e1dd46927cb9cbea7cd71) Importer(815301076,1909f56bfc062723c751e8b465ee728b)  -> (artifact id: '596c8ca589c1ada086574a497a7e806b') in 0.000549 seconds
Number of updated asset objects reloaded before import = 0
Number of asset objects unloaded after import = 0
========================================================================
Received Import Request.
  Time since last request: 8.585914 seconds.
  path: Assets/SPRITES/wallpaper
  artifactKey: Guid(60ee43ec467397f4e99955531bca87cc) Importer(815301076,1909f56bfc062723c751e8b465ee728b)
Start importing Assets/SPRITES/wallpaper using Guid(60ee43ec467397f4e99955531bca87cc) Importer(815301076,1909f56bfc062723c751e8b465ee728b)  -> (artifact id: 'ecee3d2fd6caac9625b3c10ff85ccb6c') in 0.000447 seconds
Number of updated asset objects reloaded before import = 0
Number of asset objects unloaded after import = 0
========================================================================
Received Import Request.
  Time since last request: 1.488487 seconds.
  path: Assets/SPRITES/bkg1.jpg
  artifactKey: Guid(c5047392dfa7e564fbb0dacae147fb07) Importer(815301076,1909f56bfc062723c751e8b465ee728b)
Start importing Assets/SPRITES/bkg1.jpg using Guid(c5047392dfa7e564fbb0dacae147fb07) Importer(815301076,1909f56bfc062723c751e8b465ee728b)  -> (artifact id: '5411a5a0391ab50305e6f09321ada465') in 0.081576 seconds
Number of updated asset objects reloaded before import = 0
Number of asset objects unloaded after import = 3
========================================================================
Received Import Request.
  Time since last request: 0.379027 seconds.
  path: Assets/SPRITES/bkg2.jpg
  artifactKey: Guid(182845c574be3054ab443f660a96556d) Importer(815301076,1909f56bfc062723c751e8b465ee728b)
Start importing Assets/SPRITES/bkg2.jpg using Guid(182845c574be3054ab443f660a96556d) Importer(815301076,1909f56bfc062723c751e8b465ee728b)  -> (artifact id: '4a48fe9a9b9122f9d947f0331fe60bb5') in 0.020625 seconds
Number of updated asset objects reloaded before import = 0
Number of asset objects unloaded after import = 3
========================================================================
Received Import Request.
  Time since last request: 173.310607 seconds.
  path: Assets/SPRITES/wallpaper/galaxy_universe_space_138271_1920x1080.jpg
  artifactKey: Guid(cdc8b01df73c03c49a0d918493667714) Importer(815301076,1909f56bfc062723c751e8b465ee728b)
Start importing Assets/SPRITES/wallpaper/galaxy_universe_space_138271_1920x1080.jpg using Guid(cdc8b01df73c03c49a0d918493667714) Importer(815301076,1909f56bfc062723c751e8b465ee728b)  -> (artifact id: '77cf6ca573ac22ff9755fdcfe400f694') in 0.031377 seconds
Number of updated asset objects reloaded before import = 0
Number of asset objects unloaded after import = 3
========================================================================
Received Import Request.
  Time since last request: 962.369745 seconds.
  path: Assets/SPRITES/button
  artifactKey: Guid(60c19faae012c564f99f6cc7e5354383) Importer(815301076,1909f56bfc062723c751e8b465ee728b)
Start importing Assets/SPRITES/button using Guid(60c19faae012c564f99f6cc7e5354383) Importer(815301076,1909f56bfc062723c751e8b465ee728b)  -> (artifact id: 'a1b66c2b9dafba3cf40df34364678871') in 0.001361 seconds
Number of updated asset objects reloaded before import = 0
Number of asset objects unloaded after import = 0
========================================================================
Received Import Request.
  Time since last request: 1.140158 seconds.
  path: Assets/SPRITES/gameplay
  artifactKey: Guid(9590158209c78aa48ac2eb8dd883fbab) Importer(815301076,1909f56bfc062723c751e8b465ee728b)
Start importing Assets/SPRITES/gameplay using Guid(9590158209c78aa48ac2eb8dd883fbab) Importer(815301076,1909f56bfc062723c751e8b465ee728b)  -> (artifact id: '434163a6caecc447dde5f24863f4141e') in 0.000752 seconds
Number of updated asset objects reloaded before import = 0
Number of asset objects unloaded after import = 0
========================================================================
Received Import Request.
  Time since last request: 2.700822 seconds.
  path: Assets/SPRITES/menus
  artifactKey: Guid(dc6e7912238629f429410e3629ef241b) Importer(815301076,1909f56bfc062723c751e8b465ee728b)
Start importing Assets/SPRITES/menus using Guid(dc6e7912238629f429410e3629ef241b) Importer(815301076,1909f56bfc062723c751e8b465ee728b)  -> (artifact id: '74dbc8df17ff4a7bc154df37a40ef905') in 0.000445 seconds
Number of updated asset objects reloaded before import = 0
Number of asset objects unloaded after import = 0
========================================================================
Received Import Request.
  Time since last request: 3.030556 seconds.
  path: Assets/SPRITES/menus/backmenubutton.png
  artifactKey: Guid(37ed7a2f0b93d464aaf05ea2f6c5074b) Importer(815301076,1909f56bfc062723c751e8b465ee728b)
Start importing Assets/SPRITES/menus/backmenubutton.png using Guid(37ed7a2f0b93d464aaf05ea2f6c5074b) Importer(815301076,1909f56bfc062723c751e8b465ee728b)  -> (artifact id: '9315680fcdf5730f55a83f8711111a86') in 0.041944 seconds
Number of updated asset objects reloaded before import = 0
Number of asset objects unloaded after import = 4
========================================================================
Received Import Request.
  Time since last request: 10.769039 seconds.
  path: Assets/SPRITES/menus/hardmenubutton.png
  artifactKey: Guid(fecb767c8389e3541929c308bfe05a17) Importer(815301076,1909f56bfc062723c751e8b465ee728b)
Start importing Assets/SPRITES/menus/hardmenubutton.png using Guid(fecb767c8389e3541929c308bfe05a17) Importer(815301076,1909f56bfc062723c751e8b465ee728b)  -> (artifact id: 'b60c330a3315c03145a4e53038268b4e') in 0.025815 seconds
Number of updated asset objects reloaded before import = 0
Number of asset objects unloaded after import = 4
========================================================================
Received Import Request.
  Time since last request: 0.304139 seconds.
  path: Assets/SPRITES/menus/highscoremenubutton.png
  artifactKey: Guid(1bc7f736be64d784eae1b3f85f3059e2) Importer(815301076,1909f56bfc062723c751e8b465ee728b)
Start importing Assets/SPRITES/menus/highscoremenubutton.png using Guid(1bc7f736be64d784eae1b3f85f3059e2) Importer(815301076,1909f56bfc062723c751e8b465ee728b)  -> (artifact id: 'fbeb17e31205d442e6c98073c86b97b2') in 0.026046 seconds
Number of updated asset objects reloaded before import = 0
Number of asset objects unloaded after import = 4
========================================================================
Received Import Request.
  Time since last request: 0.345100 seconds.
  path: Assets/SPRITES/menus/quitmenubutton.png
  artifactKey: Guid(9c60ffce6b927d243969dffbf5741dd2) Importer(815301076,1909f56bfc062723c751e8b465ee728b)
Start importing Assets/SPRITES/menus/quitmenubutton.png using Guid(9c60ffce6b927d243969dffbf5741dd2) Importer(815301076,1909f56bfc062723c751e8b465ee728b)  -> (artifact id: '8ccd16f4880e9feb1a5a8b3542a3b196') in 0.022180 seconds
Number of updated asset objects reloaded before import = 0
Number of asset objects unloaded after import = 4
========================================================================
Received Import Request.
  Time since last request: 0.259542 seconds.
  path: Assets/SPRITES/menus/resumemenubutton.png
  artifactKey: Guid(9c4939785fcd6e947a472b36d1fc12a6) Importer(815301076,1909f56bfc062723c751e8b465ee728b)
Start importing Assets/SPRITES/menus/resumemenubutton.png using Guid(9c4939785fcd6e947a472b36d1fc12a6) Importer(815301076,1909f56bfc062723c751e8b465ee728b)  -> (artifact id: '040b59764340ba224f31d5f73dc123fa') in 0.019622 seconds
Number of updated asset objects reloaded before import = 0
Number of asset objects unloaded after import = 4
========================================================================
Received Import Request.
  Time since last request: 8.425688 seconds.
  path: Assets/SCENES/Gameplay.unity
  artifactKey: Guid(d18563c8ddacf9a47abc0891ab59a637) Importer(815301076,1909f56bfc062723c751e8b465ee728b)
Start importing Assets/SCENES/Gameplay.unity using Guid(d18563c8ddacf9a47abc0891ab59a637) Importer(815301076,1909f56bfc062723c751e8b465ee728b)  -> (artifact id: '7133fcc81e72cfc6994afce36ea5d58e') in 0.000970 seconds
Number of updated asset objects reloaded before import = 0
Number of asset objects unloaded after import = 0
========================================================================
Received Import Request.
  Time since last request: 1.269602 seconds.
  path: Assets/SCENES/MainMenu.unity
  artifactKey: Guid(fc05e16595330724aad33ef295f95e42) Importer(815301076,1909f56bfc062723c751e8b465ee728b)
Start importing Assets/SCENES/MainMenu.unity using Guid(fc05e16595330724aad33ef295f95e42) Importer(815301076,1909f56bfc062723c751e8b465ee728b)  -> (artifact id: 'ba7af0b3695a1329ffd8c74dc473bf06') in 0.000976 seconds
Number of updated asset objects reloaded before import = 0
Number of asset objects unloaded after import = 0
========================================================================
Received Prepare
Begin MonoManager ReloadAssembly
Symbol file LoadedFromMemory doesn't match image D:\Unity Project\Spacewar_test\Library\PackageCache\com.unity.visualscripting@1.8.0\Editor\VisualScripting.Core\Dependencies\YamlDotNet\Unity.VisualScripting.YamlDotNet.dll
Symbol file LoadedFromMemory doesn't match image D:\Unity Project\Spacewar_test\Library\PackageCache\com.unity.visualscripting@1.8.0\Editor\VisualScripting.Core\Dependencies\DotNetZip\Unity.VisualScripting.IonicZip.dll
- Loaded All Assemblies, in  1.964 seconds
Refreshing native plugins compatible for Editor in 3.57 ms, found 3 plugins.
Native extension for WindowsStandalone target not found
Mono: successfully reloaded assembly
- Finished resetting the current domain, in  2.110 seconds
Domain Reload Profiling: 4078ms
	BeginReloadAssembly (873ms)
		ExecutionOrderSort (0ms)
		DisableScriptedObjects (11ms)
		BackupInstance (0ms)
		ReleaseScriptingObjects (0ms)
		CreateAndSetChildDomain (90ms)
	RebuildCommonClasses (48ms)
	RebuildNativeTypeToScriptingClass (14ms)
	initialDomainReloadingComplete (35ms)
	LoadAllAssembliesAndSetupDomain (996ms)
		LoadAssemblies (620ms)
		RebuildTransferFunctionScriptingTraits (0ms)
		AnalyzeDomain (452ms)
			TypeCache.Refresh (444ms)
				TypeCache.ScanAssembly (408ms)
			ScanForSourceGeneratedMonoScriptInfo (0ms)
			ResolveRequiredComponents (7ms)
	FinalizeReload (2111ms)
		ReleaseScriptCaches (0ms)
		RebuildScriptCaches (0ms)
		SetupLoadedEditorAssemblies (554ms)
			LogAssemblyErrors (0ms)
			InitializePlatformSupportModulesInManaged (9ms)
			SetLoadedEditorAssemblies (9ms)
			RefreshPlugins (0ms)
			BeforeProcessingInitializeOnLoad (94ms)
			ProcessInitializeOnLoadAttributes (399ms)
			ProcessInitializeOnLoadMethodAttributes (38ms)
			AfterProcessingInitializeOnLoad (4ms)
			EditorAssembliesLoaded (1ms)
		ExecutionOrderSort2 (0ms)
		AwakeInstancesAfterBackupRestoration (10ms)
Refreshing native plugins compatible for Editor in 2.13 ms, found 3 plugins.
Preloading 0 native plugins for Editor in 0.00 ms.
Unloading 2996 Unused Serialized files (Serialized files now loaded: 0)
Unloading 25 unused Assets / (30.0 KB). Loaded Objects now: 3504.
Memory consumption went from 117.2 MB to 117.2 MB.
Total: 7.894200 ms (FindLiveObjects: 1.378600 ms CreateObjectMapping: 1.259200 ms MarkObjects: 5.163700 ms  DeleteObjects: 0.087300 ms)

Prepare: number of updated asset objects reloaded= 0
AssetImportParameters requested are different than current active one (requested -> active):
  custom:container-demuxer-ogg: 62fdf1f143b41e24485cea50d1cbac27 -> 
  custom:video-codec-MediaFoundation-h265: 746d11721c4dcdbdad8f713fa42b33f4 -> 
  custom:video-decoder-ogg-theora: a1e56fd34408186e4bbccfd4996cb3dc -> 
  custom:framework-win-MediaFoundation: 216162199b28c13a410421893ffa2e32 -> 
  custom:container-demuxer-webm: 4f35f7cbe854078d1ac9338744f61a02 -> 
  custom:container-muxer-webm: aa71ff27fc2769a1b78a27578f13a17b -> 
  custom:video-decoder-webm-vp8: 9c59270c3fd7afecdb556c50c9e8de78 -> 
  custom:AudioImporter_EditorPlatform: d09bf68614088b80899f8185d706f6e7 -> 
  custom:video-encoder-webm-vp8: eb34c28f22e8b96e1ab97ce403110664 -> 
  custom:audio-decoder-ogg-vorbis: bf7c407c2cedff20999df2af8eb42d56 -> 
  custom:audio-encoder-webm-vorbis: bf7c407c2cedff20999df2af8eb42d56 -> 
========================================================================
Received Prepare
Begin MonoManager ReloadAssembly
Symbol file LoadedFromMemory doesn't match image D:\Unity Project\Spacewar_test\Library\PackageCache\com.unity.visualscripting@1.8.0\Editor\VisualScripting.Core\Dependencies\YamlDotNet\Unity.VisualScripting.YamlDotNet.dll
Symbol file LoadedFromMemory doesn't match image D:\Unity Project\Spacewar_test\Library\PackageCache\com.unity.visualscripting@1.8.0\Editor\VisualScripting.Core\Dependencies\DotNetZip\Unity.VisualScripting.IonicZip.dll
- Loaded All Assemblies, in  0.867 seconds
Refreshing native plugins compatible for Editor in 2.27 ms, found 3 plugins.
Native extension for WindowsStandalone target not found
Mono: successfully reloaded assembly
- Finished resetting the current domain, in  1.121 seconds
Domain Reload Profiling: 1990ms
	BeginReloadAssembly (336ms)
		ExecutionOrderSort (0ms)
		DisableScriptedObjects (8ms)
		BackupInstance (0ms)
		ReleaseScriptingObjects (0ms)
		CreateAndSetChildDomain (34ms)
	RebuildCommonClasses (36ms)
	RebuildNativeTypeToScriptingClass (15ms)
	initialDomainReloadingComplete (29ms)
	LoadAllAssembliesAndSetupDomain (451ms)
		LoadAssemblies (265ms)
		RebuildTransferFunctionScriptingTraits (0ms)
		AnalyzeDomain (258ms)
			TypeCache.Refresh (251ms)
				TypeCache.ScanAssembly (237ms)
			ScanForSourceGeneratedMonoScriptInfo (0ms)
			ResolveRequiredComponents (7ms)
	FinalizeReload (1122ms)
		ReleaseScriptCaches (0ms)
		RebuildScriptCaches (0ms)
		SetupLoadedEditorAssemblies (507ms)
			LogAssemblyErrors (0ms)
			InitializePlatformSupportModulesInManaged (8ms)
			SetLoadedEditorAssemblies (8ms)
			RefreshPlugins (0ms)
			BeforeProcessingInitializeOnLoad (83ms)
			ProcessInitializeOnLoadAttributes (367ms)
			ProcessInitializeOnLoadMethodAttributes (36ms)
			AfterProcessingInitializeOnLoad (5ms)
			EditorAssembliesLoaded (0ms)
		ExecutionOrderSort2 (0ms)
		AwakeInstancesAfterBackupRestoration (10ms)
Refreshing native plugins compatible for Editor in 1.93 ms, found 3 plugins.
Preloading 0 native plugins for Editor in 0.00 ms.
Unloading 2997 Unused Serialized files (Serialized files now loaded: 0)
Unloading 25 unused Assets / (30.0 KB). Loaded Objects now: 3507.
Memory consumption went from 117.5 MB to 117.5 MB.
Total: 6.163200 ms (FindLiveObjects: 0.582000 ms CreateObjectMapping: 0.508000 ms MarkObjects: 4.840700 ms  DeleteObjects: 0.231400 ms)

Prepare: number of updated asset objects reloaded= 0
AssetImportParameters requested are different than current active one (requested -> active):
  custom:container-demuxer-ogg: 62fdf1f143b41e24485cea50d1cbac27 -> 
  custom:video-codec-MediaFoundation-h265: 746d11721c4dcdbdad8f713fa42b33f4 -> 
  custom:video-decoder-ogg-theora: a1e56fd34408186e4bbccfd4996cb3dc -> 
  custom:framework-win-MediaFoundation: 216162199b28c13a410421893ffa2e32 -> 
  custom:container-demuxer-webm: 4f35f7cbe854078d1ac9338744f61a02 -> 
  custom:container-muxer-webm: aa71ff27fc2769a1b78a27578f13a17b -> 
  custom:video-decoder-webm-vp8: 9c59270c3fd7afecdb556c50c9e8de78 -> 
  custom:AudioImporter_EditorPlatform: d09bf68614088b80899f8185d706f6e7 -> 
  custom:video-encoder-webm-vp8: eb34c28f22e8b96e1ab97ce403110664 -> 
  custom:audio-decoder-ogg-vorbis: bf7c407c2cedff20999df2af8eb42d56 -> 
  custom:audio-encoder-webm-vorbis: bf7c407c2cedff20999df2af8eb42d56 -> 
========================================================================
Received Import Request.
  Time since last request: 417.584678 seconds.
  path: Assets/SPRITES/menus/playmenubutton.png
  artifactKey: Guid(4c0bef0f457b9f64381e9793730a4404) Importer(815301076,1909f56bfc062723c751e8b465ee728b)
Start importing Assets/SPRITES/menus/playmenubutton.png using Guid(4c0bef0f457b9f64381e9793730a4404) Importer(815301076,1909f56bfc062723c751e8b465ee728b)  -> (artifact id: '9501475920e9659aba76a522f6c82cd0') in 0.063668 seconds
Number of updated asset objects reloaded before import = 0
Number of asset objects unloaded after import = 4
========================================================================
Received Import Request.
  Time since last request: 88.553175 seconds.
  path: Assets/SPRITES/button/quit2.jpg
  artifactKey: Guid(8dc30c6ebab9f9540a53e7ec61cf4a9a) Importer(815301076,1909f56bfc062723c751e8b465ee728b)
Start importing Assets/SPRITES/button/quit2.jpg using Guid(8dc30c6ebab9f9540a53e7ec61cf4a9a) Importer(815301076,1909f56bfc062723c751e8b465ee728b)  -> (artifact id: 'b5dda917415e33172c2215075f983ebf') in 0.024123 seconds
Number of updated asset objects reloaded before import = 0
Number of asset objects unloaded after import = 3
========================================================================
Received Prepare
Begin MonoManager ReloadAssembly
Symbol file LoadedFromMemory doesn't match image D:\Unity Project\Spacewar_test\Library\PackageCache\com.unity.visualscripting@1.8.0\Editor\VisualScripting.Core\Dependencies\YamlDotNet\Unity.VisualScripting.YamlDotNet.dll
Symbol file LoadedFromMemory doesn't match image D:\Unity Project\Spacewar_test\Library\PackageCache\com.unity.visualscripting@1.8.0\Editor\VisualScripting.Core\Dependencies\DotNetZip\Unity.VisualScripting.IonicZip.dll
- Loaded All Assemblies, in  0.759 seconds
Refreshing native plugins compatible for Editor in 1.51 ms, found 3 plugins.
Native extension for WindowsStandalone target not found
Mono: successfully reloaded assembly
- Finished resetting the current domain, in  0.954 seconds
Domain Reload Profiling: 1714ms
	BeginReloadAssembly (283ms)
		ExecutionOrderSort (0ms)
		DisableScriptedObjects (7ms)
		BackupInstance (0ms)
		ReleaseScriptingObjects (0ms)
		CreateAndSetChildDomain (31ms)
	RebuildCommonClasses (33ms)
	RebuildNativeTypeToScriptingClass (11ms)
	initialDomainReloadingComplete (25ms)
	LoadAllAssembliesAndSetupDomain (407ms)
		LoadAssemblies (238ms)
		RebuildTransferFunctionScriptingTraits (0ms)
		AnalyzeDomain (237ms)
			TypeCache.Refresh (232ms)
				TypeCache.ScanAssembly (221ms)
			ScanForSourceGeneratedMonoScriptInfo (0ms)
			ResolveRequiredComponents (5ms)
	FinalizeReload (955ms)
		ReleaseScriptCaches (0ms)
		RebuildScriptCaches (0ms)
		SetupLoadedEditorAssemblies (433ms)
			LogAssemblyErrors (0ms)
			InitializePlatformSupportModulesInManaged (8ms)
			SetLoadedEditorAssemblies (7ms)
			RefreshPlugins (0ms)
			BeforeProcessingInitializeOnLoad (74ms)
			ProcessInitializeOnLoadAttributes (311ms)
			ProcessInitializeOnLoadMethodAttributes (31ms)
			AfterProcessingInitializeOnLoad (3ms)
			EditorAssembliesLoaded (0ms)
		ExecutionOrderSort2 (0ms)
		AwakeInstancesAfterBackupRestoration (9ms)
Refreshing native plugins compatible for Editor in 2.03 ms, found 3 plugins.
Preloading 0 native plugins for Editor in 0.00 ms.
Unloading 2996 Unused Serialized files (Serialized files now loaded: 0)
Unloading 25 unused Assets / (30.0 KB). Loaded Objects now: 3511.
Memory consumption went from 117.2 MB to 117.2 MB.
Total: 4.780400 ms (FindLiveObjects: 0.478300 ms CreateObjectMapping: 0.344800 ms MarkObjects: 3.857200 ms  DeleteObjects: 0.098500 ms)

Prepare: number of updated asset objects reloaded= 0
AssetImportParameters requested are different than current active one (requested -> active):
  custom:container-demuxer-ogg: 62fdf1f143b41e24485cea50d1cbac27 -> 
  custom:video-codec-MediaFoundation-h265: 746d11721c4dcdbdad8f713fa42b33f4 -> 
  custom:video-decoder-ogg-theora: a1e56fd34408186e4bbccfd4996cb3dc -> 
  custom:framework-win-MediaFoundation: 216162199b28c13a410421893ffa2e32 -> 
  custom:container-demuxer-webm: 4f35f7cbe854078d1ac9338744f61a02 -> 
  custom:container-muxer-webm: aa71ff27fc2769a1b78a27578f13a17b -> 
  custom:video-decoder-webm-vp8: 9c59270c3fd7afecdb556c50c9e8de78 -> 
  custom:AudioImporter_EditorPlatform: d09bf68614088b80899f8185d706f6e7 -> 
  custom:video-encoder-webm-vp8: eb34c28f22e8b96e1ab97ce403110664 -> 
  custom:audio-decoder-ogg-vorbis: bf7c407c2cedff20999df2af8eb42d56 -> 
  custom:audio-encoder-webm-vorbis: bf7c407c2cedff20999df2af8eb42d56 -> 
========================================================================
Received Prepare
Begin MonoManager ReloadAssembly
Symbol file LoadedFromMemory doesn't match image D:\Unity Project\Spacewar_test\Library\PackageCache\com.unity.visualscripting@1.8.0\Editor\VisualScripting.Core\Dependencies\YamlDotNet\Unity.VisualScripting.YamlDotNet.dll
Symbol file LoadedFromMemory doesn't match image D:\Unity Project\Spacewar_test\Library\PackageCache\com.unity.visualscripting@1.8.0\Editor\VisualScripting.Core\Dependencies\DotNetZip\Unity.VisualScripting.IonicZip.dll
- Loaded All Assemblies, in  0.795 seconds
Refreshing native plugins compatible for Editor in 1.59 ms, found 3 plugins.
Native extension for WindowsStandalone target not found
Mono: successfully reloaded assembly
- Finished resetting the current domain, in  1.058 seconds
Domain Reload Profiling: 1855ms
	BeginReloadAssembly (297ms)
		ExecutionOrderSort (0ms)
		DisableScriptedObjects (6ms)
		BackupInstance (0ms)
		ReleaseScriptingObjects (0ms)
		CreateAndSetChildDomain (40ms)
	RebuildCommonClasses (37ms)
	RebuildNativeTypeToScriptingClass (16ms)
	initialDomainReloadingComplete (35ms)
	LoadAllAssembliesAndSetupDomain (411ms)
		LoadAssemblies (241ms)
		RebuildTransferFunctionScriptingTraits (0ms)
		AnalyzeDomain (240ms)
			TypeCache.Refresh (235ms)
				TypeCache.ScanAssembly (213ms)
			ScanForSourceGeneratedMonoScriptInfo (0ms)
			ResolveRequiredComponents (5ms)
	FinalizeReload (1059ms)
		ReleaseScriptCaches (0ms)
		RebuildScriptCaches (0ms)
		SetupLoadedEditorAssemblies (489ms)
			LogAssemblyErrors (0ms)
			InitializePlatformSupportModulesInManaged (8ms)
			SetLoadedEditorAssemblies (9ms)
			RefreshPlugins (0ms)
			BeforeProcessingInitializeOnLoad (85ms)
			ProcessInitializeOnLoadAttributes (352ms)
			ProcessInitializeOnLoadMethodAttributes (32ms)
			AfterProcessingInitializeOnLoad (3ms)
			EditorAssembliesLoaded (0ms)
		ExecutionOrderSort2 (0ms)
		AwakeInstancesAfterBackupRestoration (11ms)
Refreshing native plugins compatible for Editor in 2.22 ms, found 3 plugins.
Preloading 0 native plugins for Editor in 0.00 ms.
Unloading 2997 Unused Serialized files (Serialized files now loaded: 0)
Unloading 25 unused Assets / (30.2 KB). Loaded Objects now: 3514.
Memory consumption went from 117.5 MB to 117.5 MB.
Total: 5.672700 ms (FindLiveObjects: 0.398200 ms CreateObjectMapping: 0.350900 ms MarkObjects: 4.766000 ms  DeleteObjects: 0.156400 ms)

Prepare: number of updated asset objects reloaded= 0
AssetImportParameters requested are different than current active one (requested -> active):
  custom:container-demuxer-ogg: 62fdf1f143b41e24485cea50d1cbac27 -> 
  custom:video-codec-MediaFoundation-h265: 746d11721c4dcdbdad8f713fa42b33f4 -> 
  custom:video-decoder-ogg-theora: a1e56fd34408186e4bbccfd4996cb3dc -> 
  custom:framework-win-MediaFoundation: 216162199b28c13a410421893ffa2e32 -> 
  custom:container-demuxer-webm: 4f35f7cbe854078d1ac9338744f61a02 -> 
  custom:container-muxer-webm: aa71ff27fc2769a1b78a27578f13a17b -> 
  custom:video-decoder-webm-vp8: 9c59270c3fd7afecdb556c50c9e8de78 -> 
  custom:AudioImporter_EditorPlatform: d09bf68614088b80899f8185d706f6e7 -> 
  custom:video-encoder-webm-vp8: eb34c28f22e8b96e1ab97ce403110664 -> 
  custom:audio-decoder-ogg-vorbis: bf7c407c2cedff20999df2af8eb42d56 -> 
  custom:audio-encoder-webm-vorbis: bf7c407c2cedff20999df2af8eb42d56 -> 
========================================================================
Received Import Request.
  Time since last request: 530.916514 seconds.
  path: Assets/SCENES/DifficultyMenu.unity
  artifactKey: Guid(02a0c5c29fcd88b4794e9ded56d4d519) Importer(815301076,1909f56bfc062723c751e8b465ee728b)
Start importing Assets/SCENES/DifficultyMenu.unity using Guid(02a0c5c29fcd88b4794e9ded56d4d519) Importer(815301076,1909f56bfc062723c751e8b465ee728b)  -> (artifact id: '54e4ed0e62c3171797bf5c4e5514bfce') in 0.002831 seconds
Number of updated asset objects reloaded before import = 0
Number of asset objects unloaded after import = 0
========================================================================
Received Import Request.
  Time since last request: 17.001951 seconds.
  path: Assets/SCENES/MainMenu.unity
  artifactKey: Guid(fc05e16595330724aad33ef295f95e42) Importer(815301076,1909f56bfc062723c751e8b465ee728b)
Start importing Assets/SCENES/MainMenu.unity using Guid(fc05e16595330724aad33ef295f95e42) Importer(815301076,1909f56bfc062723c751e8b465ee728b)  -> (artifact id: 'd4cf7c3ea259c1796c7008273b01d7ca') in 0.000779 seconds
Number of updated asset objects reloaded before import = 0
Number of asset objects unloaded after import = 0
